<?xml version="1.0" encoding="UTF-8"?>
<testng-results skipped="0" failed="0" ignored="0" total="1" passed="1">
  <reporter-output>
  </reporter-output>
  <suite name="Default suite" duration-ms="4951" started-at="2020-04-02T12:00:42 CST" finished-at="2020-04-02T12:00:47 CST">
    <groups>
      <group name="cucumber">
        <method signature="AbstractTestNGCucumberTests.runScenario(io.cucumber.testng.PickleWrapper, io.cucumber.testng.FeatureWrapper)[pri:0, instance:testRunners.ApiRunner@ea1a8d5]" name="runScenario" class="io.cucumber.testng.AbstractTestNGCucumberTests"/>
      </group> <!-- cucumber -->
    </groups>
    <test name="Default test" duration-ms="4951" started-at="2020-04-02T12:00:42 CST" finished-at="2020-04-02T12:00:47 CST">
      <class name="testRunners.ApiRunner">
        <test-method status="PASS" signature="setUpClass()[pri:0, instance:testRunners.ApiRunner@ea1a8d5]" name="setUpClass" is-config="true" duration-ms="684" started-at="2020-04-02T12:00:42 CST" finished-at="2020-04-02T12:00:43 CST">
          <reporter-output>
          </reporter-output>
        </test-method> <!-- setUpClass -->
        <test-method status="PASS" signature="runScenario(io.cucumber.testng.PickleWrapper, io.cucumber.testng.FeatureWrapper)[pri:0, instance:testRunners.ApiRunner@ea1a8d5]" name="runScenario" duration-ms="4177" started-at="2020-04-02T12:00:43 CST" description="Runs Cucumber Scenarios" data-provider="scenarios" finished-at="2020-04-02T12:00:47 CST">
          <params>
            <param index="0">
              <value>
                <![CDATA["Title of your scenario"]]>
              </value>
            </param>
            <param index="1">
              <value>
                <![CDATA["Employee feature"]]>
              </value>
            </param>
          </params>
          <reporter-output>
          </reporter-output>
        </test-method> <!-- runScenario -->
        <test-method status="PASS" signature="tearDownClass()[pri:0, instance:testRunners.ApiRunner@ea1a8d5]" name="tearDownClass" is-config="true" duration-ms="4" started-at="2020-04-02T12:00:47 CST" finished-at="2020-04-02T12:00:47 CST">
          <reporter-output>
          </reporter-output>
        </test-method> <!-- tearDownClass -->
      </class> <!-- testRunners.ApiRunner -->
    </test> <!-- Default test -->
  </suite> <!-- Default suite -->
</testng-results>
